# JRE version: Java(TM) SE Runtime Environment (8.0_291-b10) (build 1.8.0_291-b10)
# Java VM: Java HotSpot(TM) 64-Bit Server VM (25.291-b10 mixed mode bsd-amd64 compressed oops)
Heap:
 PSYoungGen      total 66048K, used 18856K [0x000000076ab00000, 0x000000076f600000, 0x00000007c0000000)
  eden space 62464K, 24% used [0x000000076ab00000,0x000000076b9eab10,0x000000076e800000)
  from space 3584K, 99% used [0x000000076f280000,0x000000076f5ff7b8,0x000000076f600000)
  to   space 4096K, 0% used [0x000000076ee00000,0x000000076ee00000,0x000000076f200000)
 ParOldGen       total 175104K, used 48K [0x00000006c0000000, 0x00000006cab00000, 0x000000076ab00000)
  object space 175104K, 0% used [0x00000006c0000000,0x00000006c000c000,0x00000006cab00000)
 Metaspace       used 17953K, capacity 18254K, committed 18432K, reserved 1067008K
  class space    used 1665K, capacity 1787K, committed 1792K, reserved 1048576K
GC Heap History (10 events):
Event: 0.528 GC heap before
{Heap before GC invocations=2 (full 0):
 PSYoungGen      total 76288K, used 67145K [0x000000076ab00000, 0x0000000770000000, 0x00000007c0000000)
  eden space 65536K, 98% used [0x000000076ab00000,0x000000076ea36c30,0x000000076eb00000)
  from space 10752K, 22% used [0x000000076eb00000,0x000000076ed5ba98,0x000000076f580000)
  to   space 10752K, 0% used [0x000000076f580000,0x000000076f580000,0x0000000770000000)
 ParOldGen       total 175104K, used 8K [0x00000006c0000000, 0x00000006cab00000, 0x000000076ab00000)
  object space 175104K, 0% used [0x00000006c0000000,0x00000006c0002000,0x00000006cab00000)
 Metaspace       used 5078K, capacity 5606K, committed 5760K, reserved 1056768K
  class space    used 480K, capacity 529K, committed 640K, reserved 1048576K
Event: 0.529 GC heap after
Heap after GC invocations=2 (full 0):
 PSYoungGen      total 76288K, used 2737K [0x000000076ab00000, 0x0000000774000000, 0x00000007c0000000)
  eden space 65536K, 0% used [0x000000076ab00000,0x000000076ab00000,0x000000076eb00000)
  from space 10752K, 25% used [0x000000076f580000,0x000000076f82c588,0x0000000770000000)
  to   space 10752K, 0% used [0x000000076eb00000,0x000000076eb00000,0x000000076f580000)
 ParOldGen       total 175104K, used 16K [0x00000006c0000000, 0x00000006cab00000, 0x000000076ab00000)
  object space 175104K, 0% used [0x00000006c0000000,0x00000006c0004000,0x00000006cab00000)
 Metaspace       used 5078K, capacity 5606K, committed 5760K, reserved 1056768K
  class space    used 480K, capacity 529K, committed 640K, reserved 1048576K
}
Event: 0.647 GC heap before
{Heap before GC invocations=3 (full 0):
 PSYoungGen      total 76288K, used 68273K [0x000000076ab00000, 0x0000000774000000, 0x00000007c0000000)
  eden space 65536K, 100% used [0x000000076ab00000,0x000000076eb00000,0x000000076eb00000)
  from space 10752K, 25% used [0x000000076f580000,0x000000076f82c588,0x0000000770000000)
  to   space 10752K, 0% used [0x000000076eb00000,0x000000076eb00000,0x000000076f580000)
 ParOldGen       total 175104K, used 16K [0x00000006c0000000, 0x00000006cab00000, 0x000000076ab00000)
  object space 175104K, 0% used [0x00000006c0000000,0x00000006c0004000,0x00000006cab00000)
 Metaspace       used 8636K, capacity 9128K, committed 9344K, reserved 1058816K
  class space    used 488K, capacity 529K, committed 640K, reserved 1048576K
Event: 0.648 GC heap after
Heap after GC invocations=3 (full 0):
 PSYoungGen      total 76288K, used 1666K [0x000000076ab00000, 0x0000000770000000, 0x00000007c0000000)
  eden space 65536K, 0% used [0x000000076ab00000,0x000000076ab00000,0x000000076eb00000)
  from space 10752K, 15% used [0x000000076eb00000,0x000000076eca0988,0x000000076f580000)
  to   space 10752K, 0% used [0x000000076f580000,0x000000076f580000,0x0000000770000000)
 ParOldGen       total 175104K, used 24K [0x00000006c0000000, 0x00000006cab00000, 0x000000076ab00000)
  object space 175104K, 0% used [0x00000006c0000000,0x00000006c0006000,0x00000006cab00000)
 Metaspace       used 8636K, capacity 9128K, committed 9344K, reserved 1058816K
  class space    used 488K, capacity 529K, committed 640K, reserved 1048576K
}
Event: 0.809 GC heap before
{Heap before GC invocations=4 (full 0):
 PSYoungGen      total 76288K, used 67202K [0x000000076ab00000, 0x0000000770000000, 0x00000007c0000000)
  eden space 65536K, 100% used [0x000000076ab00000,0x000000076eb00000,0x000000076eb00000)
  from space 10752K, 15% used [0x000000076eb00000,0x000000076eca0988,0x000000076f580000)
  to   space 10752K, 0% used [0x000000076f580000,0x000000076f580000,0x0000000770000000)
 ParOldGen       total 175104K, used 24K [0x00000006c0000000, 0x00000006cab00000, 0x000000076ab00000)
  object space 175104K, 0% used [0x00000006c0000000,0x00000006c0006000,0x00000006cab00000)
 Metaspace       used 10842K, capacity 11112K, committed 11392K, reserved 1060864K
  class space    used 756K, capacity 785K, committed 896K, reserved 1048576K
Event: 0.810 GC heap after
Heap after GC invocations=4 (full 0):
 PSYoungGen      total 76288K, used 2894K [0x000000076ab00000, 0x0000000770000000, 0x00000007c0000000)
  eden space 65536K, 0% used [0x000000076ab00000,0x000000076ab00000,0x000000076eb00000)
  from space 10752K, 26% used [0x000000076f580000,0x000000076f853840,0x0000000770000000)
  to   space 10752K, 0% used [0x000000076eb00000,0x000000076eb00000,0x000000076f580000)
 ParOldGen       total 175104K, used 32K [0x00000006c0000000, 0x00000006cab00000, 0x000000076ab00000)
  object space 175104K, 0% used [0x00000006c0000000,0x00000006c0008000,0x00000006cab00000)
 Metaspace       used 10842K, capacity 11112K, committed 11392K, reserved 1060864K
  class space    used 756K, capacity 785K, committed 896K, reserved 1048576K
}
Event: 3.050 GC heap before
{Heap before GC invocations=5 (full 0):
 PSYoungGen      total 76288K, used 68430K [0x000000076ab00000, 0x0000000770000000, 0x00000007c0000000)
  eden space 65536K, 100% used [0x000000076ab00000,0x000000076eb00000,0x000000076eb00000)
  from space 10752K, 26% used [0x000000076f580000,0x000000076f853840,0x0000000770000000)
  to   space 10752K, 0% used [0x000000076eb00000,0x000000076eb00000,0x000000076f580000)
 ParOldGen       total 175104K, used 32K [0x00000006c0000000, 0x00000006cab00000, 0x000000076ab00000)
  object space 175104K, 0% used [0x00000006c0000000,0x00000006c0008000,0x00000006cab00000)
 Metaspace       used 11763K, capacity 12052K, committed 12160K, reserved 1060864K
  class space    used 853K, capacity 883K, committed 896K, reserved 1048576K
Event: 3.051 GC heap after
Heap after GC invocations=5 (full 0):
 PSYoungGen      total 66560K, used 2394K [0x000000076ab00000, 0x000000076f600000, 0x00000007c0000000)
  eden space 64000K, 0% used [0x000000076ab00000,0x000000076ab00000,0x000000076e980000)
  from space 2560K, 93% used [0x000000076eb00000,0x000000076ed569b8,0x000000076ed80000)
  to   space 3584K, 0% used [0x000000076f280000,0x000000076f280000,0x000000076f600000)
 ParOldGen       total 175104K, used 40K [0x00000006c0000000, 0x00000006cab00000, 0x000000076ab00000)
  object space 175104K, 0% used [0x00000006c0000000,0x00000006c000a000,0x00000006cab00000)
 Metaspace       used 11763K, capacity 12052K, committed 12160K, reserved 1060864K
  class space    used 853K, capacity 883K, committed 896K, reserved 1048576K
}
Event: 4.340 GC heap before
{Heap before GC invocations=6 (full 0):
 PSYoungGen      total 66560K, used 66394K [0x000000076ab00000, 0x000000076f600000, 0x00000007c0000000)
  eden space 64000K, 100% used [0x000000076ab00000,0x000000076e980000,0x000000076e980000)
  from space 2560K, 93% used [0x000000076eb00000,0x000000076ed569b8,0x000000076ed80000)
  to   space 3584K, 0% used [0x000000076f280000,0x000000076f280000,0x000000076f600000)
 ParOldGen       total 175104K, used 40K [0x00000006c0000000, 0x00000006cab00000, 0x000000076ab00000)
  object space 175104K, 0% used [0x00000006c0000000,0x00000006c000a000,0x00000006cab00000)
 Metaspace       used 17943K, capacity 18254K, committed 18432K, reserved 1067008K
  class space    used 1663K, capacity 1787K, committed 1792K, reserved 1048576K
Event: 4.342 GC heap after
Heap after GC invocations=6 (full 0):
 PSYoungGen      total 66048K, used 3581K [0x000000076ab00000, 0x000000076f600000, 0x00000007c0000000)
  eden space 62464K, 0% used [0x000000076ab00000,0x000000076ab00000,0x000000076e800000)
  from space 3584K, 99% used [0x000000076f280000,0x000000076f5ff7b8,0x000000076f600000)
  to   space 4096K, 0% used [0x000000076ee00000,0x000000076ee00000,0x000000076f200000)
 ParOldGen       total 175104K, used 48K [0x00000006c0000000, 0x00000006cab00000, 0x000000076ab00000)
  object space 175104K, 0% used [0x00000006c0000000,0x00000006c000c000,0x00000006cab00000)
 Metaspace       used 17943K, capacity 18254K, committed 18432K, reserved 1067008K
  class space    used 1663K, capacity 1787K, committed 1792K, reserved 1048576K
}

